The system is: Windows - 10.0.18362 - AMD64
Compiling the C compiler identification source file "CMakeCCompilerId.c" succeeded.
Compiler: D:/Software/Code/VisualStudio/VC/Tools/MSVC/14.25.28610/bin/HostX64/x64/cl.exe 
Build flags: 
Id flags:  

The output was:
0
Microsoft (R) C/C++ Optimizing Compiler Version 19.25.28614 for x64
Copyright (C) Microsoft Corporation.  All rights reserved.

CMakeCCompilerId.c
Microsoft (R) Incremental Linker Version 14.25.28614.0
Copyright (C) Microsoft Corporation.  All rights reserved.

/out:CMakeCCompilerId.exe 
CMakeCCompilerId.obj 


Compilation of the C compiler identification source "CMakeCCompilerId.c" produced "CMakeCCompilerId.exe"

Compilation of the C compiler identification source "CMakeCCompilerId.c" produced "CMakeCCompilerId.obj"

The C compiler identification is MSVC, found in "D:/Code/C++/ChocBoarder/out/build/x64-Debug/CMakeFiles/3.16.19112601-MSVC_2/CompilerIdC/CMakeCCompilerId.exe"

Compiling the CXX compiler identification source file "CMakeCXXCompilerId.cpp" succeeded.
Compiler: D:/Software/Code/VisualStudio/VC/Tools/MSVC/14.25.28610/bin/HostX64/x64/cl.exe 
Build flags: 
Id flags:  

The output was:
0
Microsoft (R) C/C++ Optimizing Compiler Version 19.25.28614 for x64
Copyright (C) Microsoft Corporation.  All rights reserved.

CMakeCXXCompilerId.cpp
Microsoft (R) Incremental Linker Version 14.25.28614.0
Copyright (C) Microsoft Corporation.  All rights reserved.

/out:CMakeCXXCompilerId.exe 
CMakeCXXCompilerId.obj 


Compilation of the CXX compiler identification source "CMakeCXXCompilerId.cpp" produced "CMakeCXXCompilerId.exe"

Compilation of the CXX compiler identification source "CMakeCXXCompilerId.cpp" produced "CMakeCXXCompilerId.obj"

The CXX compiler identification is MSVC, found in "D:/Code/C++/ChocBoarder/out/build/x64-Debug/CMakeFiles/3.16.19112601-MSVC_2/CompilerIdCXX/CMakeCXXCompilerId.exe"

Determining if the C compiler works passed with the following output:
Change Dir: D:/Code/C++/ChocBoarder/out/build/x64-Debug/CMakeFiles/CMakeTmp

Run Build Command(s):D:\SOFTWARE\CODE\VISUALSTUDIO\COMMON7\IDE\COMMONEXTENSIONS\MICROSOFT\CMAKE\Ninja\ninja.exe cmTC_f912f && [1/2] Building C object CMakeFiles\cmTC_f912f.dir\testCCompiler.c.obj
[2/2] Linking C executable cmTC_f912f.exe



Detecting C compiler ABI info compiled with the following output:
Change Dir: D:/Code/C++/ChocBoarder/out/build/x64-Debug/CMakeFiles/CMakeTmp

Run Build Command(s):D:\SOFTWARE\CODE\VISUALSTUDIO\COMMON7\IDE\COMMONEXTENSIONS\MICROSOFT\CMAKE\Ninja\ninja.exe cmTC_6a50b && [1/2] Building C object CMakeFiles\cmTC_6a50b.dir\CMakeCCompilerABI.c.obj
[2/2] Linking C executable cmTC_6a50b.exe



Determining if the CXX compiler works passed with the following output:
Change Dir: D:/Code/C++/ChocBoarder/out/build/x64-Debug/CMakeFiles/CMakeTmp

Run Build Command(s):D:\SOFTWARE\CODE\VISUALSTUDIO\COMMON7\IDE\COMMONEXTENSIONS\MICROSOFT\CMAKE\Ninja\ninja.exe cmTC_815ce && [1/2] Building CXX object CMakeFiles\cmTC_815ce.dir\testCXXCompiler.cxx.obj
[2/2] Linking CXX executable cmTC_815ce.exe



Detecting CXX compiler ABI info compiled with the following output:
Change Dir: D:/Code/C++/ChocBoarder/out/build/x64-Debug/CMakeFiles/CMakeTmp

Run Build Command(s):D:\SOFTWARE\CODE\VISUALSTUDIO\COMMON7\IDE\COMMONEXTENSIONS\MICROSOFT\CMAKE\Ninja\ninja.exe cmTC_1a32f && [1/2] Building CXX object CMakeFiles\cmTC_1a32f.dir\CMakeCXXCompilerABI.cpp.obj
[2/2] Linking CXX executable cmTC_1a32f.exe



